<?xml version="1.0" encoding="UTF-8"?>
<!-- Generated by org.testng.reporters.JUnitXMLReporter -->
<testsuite hostname="Egy-Mshafe-nb" name="Firefox" tests="13" failures="3" timestamp="15 Feb 2018 21:52:00 GMT" time="75.471" errors="0">
  <testcase name="@AfterTest teardown" time="0.0" classname="tests.HomePageTest">
    <failure type="org.openqa.selenium.SessionNotCreatedException" message="Tried to run command without establishing a connection
Build info: version: &amp;apos;3.9.1&amp;apos;, revision: &amp;apos;63f7b50&amp;apos;, time: &amp;apos;2018-02-07T22:25:02.294Z&amp;apos;
System info: host: &amp;apos;EGY-MSHAFE-NB&amp;apos;, ip: &amp;apos;192.168.159.1&amp;apos;, os.name: &amp;apos;Windows 10&amp;apos;, os.arch: &amp;apos;amd64&amp;apos;, os.version: &amp;apos;10.0&amp;apos;, java.version: &amp;apos;1.8.0_144&amp;apos;
Driver info: org.openqa.selenium.firefox.FirefoxDriver
Capabilities {acceptInsecureCerts: true, browserName: firefox, browserVersion: 58.0.2, javascriptEnabled: true, moz:accessibilityChecks: false, moz:headless: false, moz:processID: 8880, moz:profile: C:\Users\mshafea\AppData\Lo..., moz:webdriverClick: true, pageLoadStrategy: normal, platform: XP, platformName: XP, platformVersion: 10.0, rotatable: false, timeouts: {implicit: 0, pageLoad: 300000, script: 30000}}
Session ID: 940ce55c-cc03-42b6-8cc2-f6e816883781">
      <![CDATA[org.openqa.selenium.SessionNotCreatedException: Tried to run command without establishing a connection
Build info: version: '3.9.1', revision: '63f7b50', time: '2018-02-07T22:25:02.294Z'
System info: host: 'EGY-MSHAFE-NB', ip: '192.168.159.1', os.name: 'Windows 10', os.arch: 'amd64', os.version: '10.0', java.version: '1.8.0_144'
Driver info: org.openqa.selenium.firefox.FirefoxDriver
Capabilities {acceptInsecureCerts: true, browserName: firefox, browserVersion: 58.0.2, javascriptEnabled: true, moz:accessibilityChecks: false, moz:headless: false, moz:processID: 8880, moz:profile: C:\Users\mshafea\AppData\Lo..., moz:webdriverClick: true, pageLoadStrategy: normal, platform: XP, platformName: XP, platformVersion: 10.0, rotatable: false, timeouts: {implicit: 0, pageLoad: 300000, script: 30000}}
Session ID: 940ce55c-cc03-42b6-8cc2-f6e816883781
	at org.openqa.selenium.remote.http.W3CHttpResponseCodec.createException(W3CHttpResponseCodec.java:187)
	at org.openqa.selenium.remote.http.W3CHttpResponseCodec.decode(W3CHttpResponseCodec.java:122)
	at org.openqa.selenium.remote.http.W3CHttpResponseCodec.decode(W3CHttpResponseCodec.java:49)
	at org.openqa.selenium.remote.HttpCommandExecutor.execute(HttpCommandExecutor.java:160)
	at org.openqa.selenium.remote.service.DriverCommandExecutor.execute(DriverCommandExecutor.java:83)
	at org.openqa.selenium.remote.RemoteWebDriver.execute(RemoteWebDriver.java:601)
	at org.openqa.selenium.remote.RemoteWebDriver.execute(RemoteWebDriver.java:658)
	at org.openqa.selenium.remote.RemoteWebDriver.quit(RemoteWebDriver.java:497)
	at tests.TestBase.teardown(TestBase.java:85)
... Removed 26 stack frames]]>
    </failure>
  </testcase> <!-- @AfterTest teardown -->
  <testcase name="navigate_to_add_computer_screen" time="1.292" classname="tests.HomePageTest"/>
  <testcase name="validate_header_name" time="0.416" classname="tests.HomePageTest"/>
  <testcase name="add_New_Computer_With_All_Fields" time="1.503" classname="tests.AddNewComputerTest">
    <failure type="java.lang.AssertionError" message="expected [Done! Computer MComputerAll has been created] but found [Done! Computer MComputerTestAll has been created]">
      <![CDATA[java.lang.AssertionError: expected [Done! Computer MComputerAll has been created] but found [Done! Computer MComputerTestAll has been created]
	at tests.AddNewComputerTest.add_New_Computer_With_All_Fields(AddNewComputerTest.java:65)
... Removed 30 stack frames]]>
    </failure>
  </testcase> <!-- add_New_Computer_With_All_Fields -->
  <testcase name="add_New_Computer_With_No_Inputs" time="0.654" classname="tests.AddNewComputerTest"/>
  <testcase name="add_New_Computer_With_Required_Fields" time="0.921" classname="tests.AddNewComputerTest"/>
  <testcase name="cancel_Add_New_Computer" time="0.547" classname="tests.AddNewComputerTest"/>
  <testcase name="validate_header_name" time="0.232" classname="tests.AddNewComputerTest"/>
  <testcase name="validate_Header_Name" time="0.768" classname="tests.UpdateDeleteComputerTest"/>
  <testcase name="update_Computer_Name" time="1.779" classname="tests.UpdateDeleteComputerTest"/>
  <testcase name="update_Computer_Name_With_No_Value" time="1.2" classname="tests.UpdateDeleteComputerTest"/>
  <testcase name="cancel_Update_Computer" time="1.023" classname="tests.UpdateDeleteComputerTest"/>
  <testcase name="update_Computer_With_All_Fields" time="30.574" classname="tests.UpdateDeleteComputerTest">
    <failure type="org.openqa.selenium.NoSuchElementException" message="Unable to locate element: MComputerAll
For documentation on this error, please visit: http://seleniumhq.org/exceptions/no_such_element.html
Build info: version: &amp;apos;3.9.1&amp;apos;, revision: &amp;apos;63f7b50&amp;apos;, time: &amp;apos;2018-02-07T22:25:02.294Z&amp;apos;
System info: host: &amp;apos;EGY-MSHAFE-NB&amp;apos;, ip: &amp;apos;192.168.159.1&amp;apos;, os.name: &amp;apos;Windows 10&amp;apos;, os.arch: &amp;apos;amd64&amp;apos;, os.version: &amp;apos;10.0&amp;apos;, java.version: &amp;apos;1.8.0_144&amp;apos;
Driver info: org.openqa.selenium.firefox.FirefoxDriver
Capabilities {acceptInsecureCerts: true, browserName: firefox, browserVersion: 58.0.2, javascriptEnabled: true, moz:accessibilityChecks: false, moz:headless: false, moz:processID: 8880, moz:profile: C:\Users\mshafea\AppData\Lo..., moz:webdriverClick: true, pageLoadStrategy: normal, platform: XP, platformName: XP, platformVersion: 10.0, rotatable: false, timeouts: {implicit: 0, pageLoad: 300000, script: 30000}}
Session ID: 940ce55c-cc03-42b6-8cc2-f6e816883781
*** Element info: {Using=partial link text, value=MComputerAll}">
      <![CDATA[org.openqa.selenium.NoSuchElementException: Unable to locate element: MComputerAll
For documentation on this error, please visit: http://seleniumhq.org/exceptions/no_such_element.html
Build info: version: '3.9.1', revision: '63f7b50', time: '2018-02-07T22:25:02.294Z'
System info: host: 'EGY-MSHAFE-NB', ip: '192.168.159.1', os.name: 'Windows 10', os.arch: 'amd64', os.version: '10.0', java.version: '1.8.0_144'
Driver info: org.openqa.selenium.firefox.FirefoxDriver
Capabilities {acceptInsecureCerts: true, browserName: firefox, browserVersion: 58.0.2, javascriptEnabled: true, moz:accessibilityChecks: false, moz:headless: false, moz:processID: 8880, moz:profile: C:\Users\mshafea\AppData\Lo..., moz:webdriverClick: true, pageLoadStrategy: normal, platform: XP, platformName: XP, platformVersion: 10.0, rotatable: false, timeouts: {implicit: 0, pageLoad: 300000, script: 30000}}
Session ID: 940ce55c-cc03-42b6-8cc2-f6e816883781
*** Element info: {Using=partial link text, value=MComputerAll}
	at org.openqa.selenium.remote.http.W3CHttpResponseCodec.createException(W3CHttpResponseCodec.java:187)
	at org.openqa.selenium.remote.http.W3CHttpResponseCodec.decode(W3CHttpResponseCodec.java:122)
	at org.openqa.selenium.remote.http.W3CHttpResponseCodec.decode(W3CHttpResponseCodec.java:49)
	at org.openqa.selenium.remote.HttpCommandExecutor.execute(HttpCommandExecutor.java:160)
	at org.openqa.selenium.remote.service.DriverCommandExecutor.execute(DriverCommandExecutor.java:83)
	at org.openqa.selenium.remote.RemoteWebDriver.execute(RemoteWebDriver.java:601)
	at org.openqa.selenium.remote.RemoteWebDriver.findElement(RemoteWebDriver.java:371)
	at org.openqa.selenium.remote.RemoteWebDriver.findElementByPartialLinkText(RemoteWebDriver.java:433)
	at org.openqa.selenium.By$ByPartialLinkText.findElement(By.java:273)
	at org.openqa.selenium.remote.RemoteWebDriver.findElement(RemoteWebDriver.java:363)
	at pageObjects.HomePage.click_on_computer(HomePage.java:56)
	at tests.UpdateDeleteComputerTest.update_Computer_With_All_Fields(UpdateDeleteComputerTest.java:75)
... Removed 28 stack frames]]>
    </failure>
  </testcase> <!-- update_Computer_With_All_Fields -->
  <testcase name="delete_Computer" time="30.543" classname="tests.UpdateDeleteComputerTest">
    <failure type="org.openqa.selenium.NoSuchElementException" message="Unable to locate element: MTestComputer
For documentation on this error, please visit: http://seleniumhq.org/exceptions/no_such_element.html
Build info: version: &amp;apos;3.9.1&amp;apos;, revision: &amp;apos;63f7b50&amp;apos;, time: &amp;apos;2018-02-07T22:25:02.294Z&amp;apos;
System info: host: &amp;apos;EGY-MSHAFE-NB&amp;apos;, ip: &amp;apos;192.168.159.1&amp;apos;, os.name: &amp;apos;Windows 10&amp;apos;, os.arch: &amp;apos;amd64&amp;apos;, os.version: &amp;apos;10.0&amp;apos;, java.version: &amp;apos;1.8.0_144&amp;apos;
Driver info: org.openqa.selenium.firefox.FirefoxDriver
Capabilities {acceptInsecureCerts: true, browserName: firefox, browserVersion: 58.0.2, javascriptEnabled: true, moz:accessibilityChecks: false, moz:headless: false, moz:processID: 8880, moz:profile: C:\Users\mshafea\AppData\Lo..., moz:webdriverClick: true, pageLoadStrategy: normal, platform: XP, platformName: XP, platformVersion: 10.0, rotatable: false, timeouts: {implicit: 0, pageLoad: 300000, script: 30000}}
Session ID: 940ce55c-cc03-42b6-8cc2-f6e816883781
*** Element info: {Using=partial link text, value=MTestComputer}">
      <![CDATA[org.openqa.selenium.NoSuchElementException: Unable to locate element: MTestComputer
For documentation on this error, please visit: http://seleniumhq.org/exceptions/no_such_element.html
Build info: version: '3.9.1', revision: '63f7b50', time: '2018-02-07T22:25:02.294Z'
System info: host: 'EGY-MSHAFE-NB', ip: '192.168.159.1', os.name: 'Windows 10', os.arch: 'amd64', os.version: '10.0', java.version: '1.8.0_144'
Driver info: org.openqa.selenium.firefox.FirefoxDriver
Capabilities {acceptInsecureCerts: true, browserName: firefox, browserVersion: 58.0.2, javascriptEnabled: true, moz:accessibilityChecks: false, moz:headless: false, moz:processID: 8880, moz:profile: C:\Users\mshafea\AppData\Lo..., moz:webdriverClick: true, pageLoadStrategy: normal, platform: XP, platformName: XP, platformVersion: 10.0, rotatable: false, timeouts: {implicit: 0, pageLoad: 300000, script: 30000}}
Session ID: 940ce55c-cc03-42b6-8cc2-f6e816883781
*** Element info: {Using=partial link text, value=MTestComputer}
	at org.openqa.selenium.remote.http.W3CHttpResponseCodec.createException(W3CHttpResponseCodec.java:187)
	at org.openqa.selenium.remote.http.W3CHttpResponseCodec.decode(W3CHttpResponseCodec.java:122)
	at org.openqa.selenium.remote.http.W3CHttpResponseCodec.decode(W3CHttpResponseCodec.java:49)
	at org.openqa.selenium.remote.HttpCommandExecutor.execute(HttpCommandExecutor.java:160)
	at org.openqa.selenium.remote.service.DriverCommandExecutor.execute(DriverCommandExecutor.java:83)
	at org.openqa.selenium.remote.RemoteWebDriver.execute(RemoteWebDriver.java:601)
	at org.openqa.selenium.remote.RemoteWebDriver.findElement(RemoteWebDriver.java:371)
	at org.openqa.selenium.remote.RemoteWebDriver.findElementByPartialLinkText(RemoteWebDriver.java:433)
	at org.openqa.selenium.By$ByPartialLinkText.findElement(By.java:273)
	at org.openqa.selenium.remote.RemoteWebDriver.findElement(RemoteWebDriver.java:363)
	at pageObjects.HomePage.click_on_computer(HomePage.java:56)
	at tests.UpdateDeleteComputerTest.delete_Computer(UpdateDeleteComputerTest.java:94)
... Removed 28 stack frames]]>
    </failure>
  </testcase> <!-- delete_Computer -->
</testsuite> <!-- Firefox -->
