<?xml version="1.0" encoding="UTF-8"?>
<!-- Generated by org.testng.reporters.JUnitXMLReporter -->
<testsuite hostname="Egy-Mshafe-nb" name="Google Chrome" tests="13" failures="0" timestamp="15 Feb 2018 21:52:03 GMT" time="2.942" errors="0">
  <testcase name="@BeforeTest startBrowser" time="0.0" classname="tests.HomePageTest">
    <failure type="org.openqa.selenium.SessionNotCreatedException" message="session not created exception
from disconnected: Unable to receive message from renderer
  (Session info: chrome=62.0.3202.94)
  (Driver info: chromedriver=2.35.528161 (5b82f2d2aae0ca24b877009200ced9065a772e73),platform=Windows NT 10.0.16299 x86_64) (WARNING: The server did not provide any stacktrace information)
Command duration or timeout: 2.31 seconds
Build info: version: &amp;apos;3.9.1&amp;apos;, revision: &amp;apos;63f7b50&amp;apos;, time: &amp;apos;2018-02-07T22:25:02.294Z&amp;apos;
System info: host: &amp;apos;EGY-MSHAFE-NB&amp;apos;, ip: &amp;apos;192.168.159.1&amp;apos;, os.name: &amp;apos;Windows 10&amp;apos;, os.arch: &amp;apos;amd64&amp;apos;, os.version: &amp;apos;10.0&amp;apos;, java.version: &amp;apos;1.8.0_144&amp;apos;
Driver info: driver.version: ChromeDriver">
      <![CDATA[org.openqa.selenium.SessionNotCreatedException: session not created exception
from disconnected: Unable to receive message from renderer
  (Session info: chrome=62.0.3202.94)
  (Driver info: chromedriver=2.35.528161 (5b82f2d2aae0ca24b877009200ced9065a772e73),platform=Windows NT 10.0.16299 x86_64) (WARNING: The server did not provide any stacktrace information)
Command duration or timeout: 2.31 seconds
Build info: version: '3.9.1', revision: '63f7b50', time: '2018-02-07T22:25:02.294Z'
System info: host: 'EGY-MSHAFE-NB', ip: '192.168.159.1', os.name: 'Windows 10', os.arch: 'amd64', os.version: '10.0', java.version: '1.8.0_144'
Driver info: driver.version: ChromeDriver
	at org.openqa.selenium.remote.ErrorHandler.createThrowable(ErrorHandler.java:214)
	at org.openqa.selenium.remote.ErrorHandler.throwIfResponseFailed(ErrorHandler.java:166)
	at org.openqa.selenium.remote.JsonWireProtocolResponse.lambda$new$0(JsonWireProtocolResponse.java:53)
	at org.openqa.selenium.remote.JsonWireProtocolResponse.lambda$getResponseFunction$2(JsonWireProtocolResponse.java:91)
	at org.openqa.selenium.remote.ProtocolHandshake.lambda$createSession$0(ProtocolHandshake.java:123)
	at java.util.stream.ReferencePipeline$3$1.accept(Unknown Source)
	at java.util.Spliterators$ArraySpliterator.tryAdvance(Unknown Source)
	at java.util.stream.ReferencePipeline.forEachWithCancel(Unknown Source)
	at java.util.stream.AbstractPipeline.copyIntoWithCancel(Unknown Source)
	at java.util.stream.AbstractPipeline.copyInto(Unknown Source)
	at java.util.stream.AbstractPipeline.wrapAndCopyInto(Unknown Source)
	at java.util.stream.FindOps$FindOp.evaluateSequential(Unknown Source)
	at java.util.stream.AbstractPipeline.evaluate(Unknown Source)
	at java.util.stream.ReferencePipeline.findFirst(Unknown Source)
	at org.openqa.selenium.remote.ProtocolHandshake.createSession(ProtocolHandshake.java:126)
	at org.openqa.selenium.remote.ProtocolHandshake.createSession(ProtocolHandshake.java:73)
	at org.openqa.selenium.remote.HttpCommandExecutor.execute(HttpCommandExecutor.java:138)
	at org.openqa.selenium.remote.service.DriverCommandExecutor.execute(DriverCommandExecutor.java:83)
	at org.openqa.selenium.remote.RemoteWebDriver.execute(RemoteWebDriver.java:601)
	at org.openqa.selenium.remote.RemoteWebDriver.startSession(RemoteWebDriver.java:219)
	at org.openqa.selenium.remote.RemoteWebDriver.<init>(RemoteWebDriver.java:142)
	at org.openqa.selenium.chrome.ChromeDriver.<init>(ChromeDriver.java:181)
	at org.openqa.selenium.chrome.ChromeDriver.<init>(ChromeDriver.java:168)
	at org.openqa.selenium.chrome.ChromeDriver.<init>(ChromeDriver.java:123)
	at tests.TestBase.startBrowser(TestBase.java:36)
... Removed 26 stack frames]]>
    </failure>
  </testcase> <!-- @BeforeTest startBrowser -->
  <testcase name="@AfterTest teardown" time="0.0" classname="tests.HomePageTest">
    <skipped/>
  </testcase> <!-- @AfterTest teardown -->
  <testcase name="navigate_to_add_computer_screen" time="0.001" classname="tests.HomePageTest">
    <skipped/>
  </testcase> <!-- navigate_to_add_computer_screen -->
  <testcase name="validate_header_name" time="0.001" classname="tests.HomePageTest">
    <skipped/>
  </testcase> <!-- validate_header_name -->
  <testcase name="add_New_Computer_With_All_Fields" time="0.001" classname="tests.AddNewComputerTest">
    <skipped/>
  </testcase> <!-- add_New_Computer_With_All_Fields -->
  <testcase name="add_New_Computer_With_No_Inputs" time="0.001" classname="tests.AddNewComputerTest">
    <skipped/>
  </testcase> <!-- add_New_Computer_With_No_Inputs -->
  <testcase name="add_New_Computer_With_Required_Fields" time="0.0" classname="tests.AddNewComputerTest">
    <skipped/>
  </testcase> <!-- add_New_Computer_With_Required_Fields -->
  <testcase name="cancel_Add_New_Computer" time="0.0" classname="tests.AddNewComputerTest">
    <skipped/>
  </testcase> <!-- cancel_Add_New_Computer -->
  <testcase name="validate_header_name" time="0.0" classname="tests.AddNewComputerTest">
    <skipped/>
  </testcase> <!-- validate_header_name -->
  <testcase name="validate_Header_Name" time="0.0" classname="tests.UpdateDeleteComputerTest">
    <skipped/>
  </testcase> <!-- validate_Header_Name -->
  <testcase name="update_Computer_Name" time="0.0" classname="tests.UpdateDeleteComputerTest">
    <skipped/>
  </testcase> <!-- update_Computer_Name -->
  <testcase name="update_Computer_Name_With_No_Value" time="0.0" classname="tests.UpdateDeleteComputerTest">
    <skipped/>
  </testcase> <!-- update_Computer_Name_With_No_Value -->
  <testcase name="cancel_Update_Computer" time="0.0" classname="tests.UpdateDeleteComputerTest">
    <skipped/>
  </testcase> <!-- cancel_Update_Computer -->
  <testcase name="update_Computer_With_All_Fields" time="0.0" classname="tests.UpdateDeleteComputerTest">
    <skipped/>
  </testcase> <!-- update_Computer_With_All_Fields -->
  <testcase name="delete_Computer" time="0.0" classname="tests.UpdateDeleteComputerTest">
    <skipped/>
  </testcase> <!-- delete_Computer -->
</testsuite> <!-- Google Chrome -->
