<!DOCTYPE html PUBLIC "-//W3C//DTD XHTML 1.1//EN" "http://www.w3.org/TR/xhtml11/DTD/xhtml11.dtd">
<html xmlns="http://www.w3.org/1999/xhtml"><head><title>TestNG Report</title><style type="text/css">table {margin-bottom:10px;border-collapse:collapse;empty-cells:show}th,td {border:1px solid #009;padding:.25em .5em}th {vertical-align:bottom}td {vertical-align:top}table a {font-weight:bold}.stripe td {background-color: #E6EBF9}.num {text-align:right}.passedodd td {background-color: #3F3}.passedeven td {background-color: #0A0}.skippedodd td {background-color: #DDD}.skippedeven td {background-color: #CCC}.failedodd td,.attn {background-color: #F33}.failedeven td,.stripe .attn {background-color: #D00}.stacktrace {white-space:pre;font-family:monospace}.totop {font-size:85%;text-align:center;border-bottom:2px solid #000}</style></head><body><table><tr><th>Test</th><th># Passed</th><th># Skipped</th><th># Failed</th><th>Time (ms)</th><th>Included Groups</th><th>Excluded Groups</th></tr><tr><th colspan="7">RegressionTest</th></tr><tr><td><a href="#t0">Firefox</a></td><td class="num">10</td><td class="num">0</td><td class="num attn">3</td><td class="num">75,471</td><td></td><td></td></tr><tr class="stripe"><td><a href="#t1">Google Chrome</a></td><td class="num">0</td><td class="num attn">13</td><td class="num">0</td><td class="num">2,942</td><td></td><td></td></tr><tr><th>Total</th><th class="num">10</th><th class="num attn">13</th><th class="num attn">3</th><th class="num">78,413</th><th colspan="2"></th></tr></table><table><thead><tr><th>Class</th><th>Method</th><th>Start</th><th>Time (ms)</th></tr></thead><tbody><tr><th colspan="4">RegressionTest</th></tr></tbody><tbody id="t0"><tr><th colspan="4">Firefox &#8212; failed (configuration methods)</th></tr><tr class="failedeven"><td rowspan="1">tests.HomePageTest</td><td><a href="#m0">teardown</a></td><td rowspan="1">1518731520052</td><td rowspan="1">0</td></tr><tr><th colspan="4">Firefox &#8212; failed</th></tr><tr class="failedeven"><td rowspan="1">tests.AddNewComputerTest</td><td><a href="#m1">add_New_Computer_With_All_Fields</a></td><td rowspan="1">1518731450301</td><td rowspan="1">1503</td></tr><tr class="failedodd"><td rowspan="2">tests.UpdateDeleteComputerTest</td><td><a href="#m2">delete_Computer</a></td><td rowspan="1">1518731489509</td><td rowspan="1">30543</td></tr><tr class="failedodd"><td><a href="#m3">update_Computer_With_All_Fields</a></td><td rowspan="1">1518731458929</td><td rowspan="1">30574</td></tr><tr><th colspan="4">Firefox &#8212; passed</th></tr><tr class="passedeven"><td rowspan="4">tests.AddNewComputerTest</td><td><a href="#m4">add_New_Computer_With_No_Inputs</a></td><td rowspan="1">1518731451804</td><td rowspan="1">654</td></tr><tr class="passedeven"><td><a href="#m5">add_New_Computer_With_Required_Fields</a></td><td rowspan="1">1518731452458</td><td rowspan="1">921</td></tr><tr class="passedeven"><td><a href="#m6">cancel_Add_New_Computer</a></td><td rowspan="1">1518731453380</td><td rowspan="1">547</td></tr><tr class="passedeven"><td><a href="#m7">validate_header_name</a></td><td rowspan="1">1518731453927</td><td rowspan="1">232</td></tr><tr class="passedodd"><td rowspan="2">tests.HomePageTest</td><td><a href="#m8">navigate_to_add_computer_screen</a></td><td rowspan="1">1518731448593</td><td rowspan="1">1292</td></tr><tr class="passedodd"><td><a href="#m9">validate_header_name</a></td><td rowspan="1">1518731449885</td><td rowspan="1">416</td></tr><tr class="passedeven"><td rowspan="4">tests.UpdateDeleteComputerTest</td><td><a href="#m10">cancel_Update_Computer</a></td><td rowspan="1">1518731457906</td><td rowspan="1">1023</td></tr><tr class="passedeven"><td><a href="#m11">update_Computer_Name</a></td><td rowspan="1">1518731454927</td><td rowspan="1">1779</td></tr><tr class="passedeven"><td><a href="#m12">update_Computer_Name_With_No_Value</a></td><td rowspan="1">1518731456706</td><td rowspan="1">1200</td></tr><tr class="passedeven"><td><a href="#m13">validate_Header_Name</a></td><td rowspan="1">1518731454159</td><td rowspan="1">768</td></tr></tbody><tbody id="t1"><tr><th colspan="4">Google Chrome &#8212; failed (configuration methods)</th></tr><tr class="failedeven"><td rowspan="1">tests.HomePageTest</td><td><a href="#m14">startBrowser</a></td><td rowspan="1">1518731520517</td><td rowspan="1">0</td></tr><tr><th colspan="4">Google Chrome &#8212; skipped (configuration methods)</th></tr><tr class="skippedeven"><td rowspan="1">tests.HomePageTest</td><td><a href="#m15">teardown</a></td><td rowspan="1">1518731523443</td><td rowspan="1">0</td></tr><tr><th colspan="4">Google Chrome &#8212; skipped</th></tr><tr class="skippedeven"><td rowspan="5">tests.AddNewComputerTest</td><td><a href="#m16">add_New_Computer_With_All_Fields</a></td><td rowspan="1">1518731523439</td><td rowspan="1">1</td></tr><tr class="skippedeven"><td><a href="#m17">add_New_Computer_With_No_Inputs</a></td><td rowspan="1">1518731523441</td><td rowspan="1">1</td></tr><tr class="skippedeven"><td><a href="#m18">add_New_Computer_With_Required_Fields</a></td><td rowspan="1">1518731523443</td><td rowspan="1">0</td></tr><tr class="skippedeven"><td><a href="#m19">cancel_Add_New_Computer</a></td><td rowspan="1">1518731523443</td><td rowspan="1">0</td></tr><tr class="skippedeven"><td><a href="#m20">validate_header_name</a></td><td rowspan="1">1518731523443</td><td rowspan="1">0</td></tr><tr class="skippedodd"><td rowspan="2">tests.HomePageTest</td><td><a href="#m21">navigate_to_add_computer_screen</a></td><td rowspan="1">1518731523435</td><td rowspan="1">1</td></tr><tr class="skippedodd"><td><a href="#m22">validate_header_name</a></td><td rowspan="1">1518731523436</td><td rowspan="1">1</td></tr><tr class="skippedeven"><td rowspan="6">tests.UpdateDeleteComputerTest</td><td><a href="#m23">cancel_Update_Computer</a></td><td rowspan="1">1518731523443</td><td rowspan="1">0</td></tr><tr class="skippedeven"><td><a href="#m24">delete_Computer</a></td><td rowspan="1">1518731523443</td><td rowspan="1">0</td></tr><tr class="skippedeven"><td><a href="#m25">update_Computer_Name</a></td><td rowspan="1">1518731523443</td><td rowspan="1">0</td></tr><tr class="skippedeven"><td><a href="#m26">update_Computer_Name_With_No_Value</a></td><td rowspan="1">1518731523443</td><td rowspan="1">0</td></tr><tr class="skippedeven"><td><a href="#m27">update_Computer_With_All_Fields</a></td><td rowspan="1">1518731523443</td><td rowspan="1">0</td></tr><tr class="skippedeven"><td><a href="#m28">validate_Header_Name</a></td><td rowspan="1">1518731523443</td><td rowspan="1">0</td></tr></tbody></table><h2>Firefox</h2><h3 id="m0">tests.HomePageTest#teardown</h3><table class="result"><tr><th>Exception</th></tr><tr><td><div class="stacktrace">org.openqa.selenium.SessionNotCreatedException: Tried to run command without establishing a connection
Build info: version: &apos;3.9.1&apos;, revision: &apos;63f7b50&apos;, time: &apos;2018-02-07T22:25:02.294Z&apos;
System info: host: &apos;EGY-MSHAFE-NB&apos;, ip: &apos;192.168.159.1&apos;, os.name: &apos;Windows 10&apos;, os.arch: &apos;amd64&apos;, os.version: &apos;10.0&apos;, java.version: &apos;1.8.0_144&apos;
Driver info: org.openqa.selenium.firefox.FirefoxDriver
Capabilities {acceptInsecureCerts: true, browserName: firefox, browserVersion: 58.0.2, javascriptEnabled: true, moz:accessibilityChecks: false, moz:headless: false, moz:processID: 8880, moz:profile: C:\Users\mshafea\AppData\Lo..., moz:webdriverClick: true, pageLoadStrategy: normal, platform: XP, platformName: XP, platformVersion: 10.0, rotatable: false, timeouts: {implicit: 0, pageLoad: 300000, script: 30000}}
Session ID: 940ce55c-cc03-42b6-8cc2-f6e816883781
	at org.openqa.selenium.remote.http.W3CHttpResponseCodec.createException(W3CHttpResponseCodec.java:187)
	at org.openqa.selenium.remote.http.W3CHttpResponseCodec.decode(W3CHttpResponseCodec.java:122)
	at org.openqa.selenium.remote.http.W3CHttpResponseCodec.decode(W3CHttpResponseCodec.java:49)
	at org.openqa.selenium.remote.HttpCommandExecutor.execute(HttpCommandExecutor.java:160)
	at org.openqa.selenium.remote.service.DriverCommandExecutor.execute(DriverCommandExecutor.java:83)
	at org.openqa.selenium.remote.RemoteWebDriver.execute(RemoteWebDriver.java:601)
	at org.openqa.selenium.remote.RemoteWebDriver.execute(RemoteWebDriver.java:658)
	at org.openqa.selenium.remote.RemoteWebDriver.quit(RemoteWebDriver.java:497)
	at tests.TestBase.teardown(TestBase.java:85)
... Removed 26 stack frames</div></td></tr></table><p class="totop"><a href="#summary">back to summary</a></p><h3 id="m1">tests.AddNewComputerTest#add_New_Computer_With_All_Fields</h3><table class="result"><tr><th>Exception</th></tr><tr><td><div class="stacktrace">java.lang.AssertionError: expected [Done! Computer MComputerAll has been created] but found [Done! Computer MComputerTestAll has been created]
	at tests.AddNewComputerTest.add_New_Computer_With_All_Fields(AddNewComputerTest.java:65)
... Removed 30 stack frames</div></td></tr></table><p class="totop"><a href="#summary">back to summary</a></p><h3 id="m2">tests.UpdateDeleteComputerTest#delete_Computer</h3><table class="result"><tr><th>Exception</th></tr><tr><td><div class="stacktrace">org.openqa.selenium.NoSuchElementException: Unable to locate element: MTestComputer
For documentation on this error, please visit: http://seleniumhq.org/exceptions/no_such_element.html
Build info: version: &apos;3.9.1&apos;, revision: &apos;63f7b50&apos;, time: &apos;2018-02-07T22:25:02.294Z&apos;
System info: host: &apos;EGY-MSHAFE-NB&apos;, ip: &apos;192.168.159.1&apos;, os.name: &apos;Windows 10&apos;, os.arch: &apos;amd64&apos;, os.version: &apos;10.0&apos;, java.version: &apos;1.8.0_144&apos;
Driver info: org.openqa.selenium.firefox.FirefoxDriver
Capabilities {acceptInsecureCerts: true, browserName: firefox, browserVersion: 58.0.2, javascriptEnabled: true, moz:accessibilityChecks: false, moz:headless: false, moz:processID: 8880, moz:profile: C:\Users\mshafea\AppData\Lo..., moz:webdriverClick: true, pageLoadStrategy: normal, platform: XP, platformName: XP, platformVersion: 10.0, rotatable: false, timeouts: {implicit: 0, pageLoad: 300000, script: 30000}}
Session ID: 940ce55c-cc03-42b6-8cc2-f6e816883781
*** Element info: {Using=partial link text, value=MTestComputer}
	at org.openqa.selenium.remote.http.W3CHttpResponseCodec.createException(W3CHttpResponseCodec.java:187)
	at org.openqa.selenium.remote.http.W3CHttpResponseCodec.decode(W3CHttpResponseCodec.java:122)
	at org.openqa.selenium.remote.http.W3CHttpResponseCodec.decode(W3CHttpResponseCodec.java:49)
	at org.openqa.selenium.remote.HttpCommandExecutor.execute(HttpCommandExecutor.java:160)
	at org.openqa.selenium.remote.service.DriverCommandExecutor.execute(DriverCommandExecutor.java:83)
	at org.openqa.selenium.remote.RemoteWebDriver.execute(RemoteWebDriver.java:601)
	at org.openqa.selenium.remote.RemoteWebDriver.findElement(RemoteWebDriver.java:371)
	at org.openqa.selenium.remote.RemoteWebDriver.findElementByPartialLinkText(RemoteWebDriver.java:433)
	at org.openqa.selenium.By$ByPartialLinkText.findElement(By.java:273)
	at org.openqa.selenium.remote.RemoteWebDriver.findElement(RemoteWebDriver.java:363)
	at pageObjects.HomePage.click_on_computer(HomePage.java:56)
	at tests.UpdateDeleteComputerTest.delete_Computer(UpdateDeleteComputerTest.java:94)
... Removed 28 stack frames</div></td></tr></table><p class="totop"><a href="#summary">back to summary</a></p><h3 id="m3">tests.UpdateDeleteComputerTest#update_Computer_With_All_Fields</h3><table class="result"><tr><th>Exception</th></tr><tr><td><div class="stacktrace">org.openqa.selenium.NoSuchElementException: Unable to locate element: MComputerAll
For documentation on this error, please visit: http://seleniumhq.org/exceptions/no_such_element.html
Build info: version: &apos;3.9.1&apos;, revision: &apos;63f7b50&apos;, time: &apos;2018-02-07T22:25:02.294Z&apos;
System info: host: &apos;EGY-MSHAFE-NB&apos;, ip: &apos;192.168.159.1&apos;, os.name: &apos;Windows 10&apos;, os.arch: &apos;amd64&apos;, os.version: &apos;10.0&apos;, java.version: &apos;1.8.0_144&apos;
Driver info: org.openqa.selenium.firefox.FirefoxDriver
Capabilities {acceptInsecureCerts: true, browserName: firefox, browserVersion: 58.0.2, javascriptEnabled: true, moz:accessibilityChecks: false, moz:headless: false, moz:processID: 8880, moz:profile: C:\Users\mshafea\AppData\Lo..., moz:webdriverClick: true, pageLoadStrategy: normal, platform: XP, platformName: XP, platformVersion: 10.0, rotatable: false, timeouts: {implicit: 0, pageLoad: 300000, script: 30000}}
Session ID: 940ce55c-cc03-42b6-8cc2-f6e816883781
*** Element info: {Using=partial link text, value=MComputerAll}
	at org.openqa.selenium.remote.http.W3CHttpResponseCodec.createException(W3CHttpResponseCodec.java:187)
	at org.openqa.selenium.remote.http.W3CHttpResponseCodec.decode(W3CHttpResponseCodec.java:122)
	at org.openqa.selenium.remote.http.W3CHttpResponseCodec.decode(W3CHttpResponseCodec.java:49)
	at org.openqa.selenium.remote.HttpCommandExecutor.execute(HttpCommandExecutor.java:160)
	at org.openqa.selenium.remote.service.DriverCommandExecutor.execute(DriverCommandExecutor.java:83)
	at org.openqa.selenium.remote.RemoteWebDriver.execute(RemoteWebDriver.java:601)
	at org.openqa.selenium.remote.RemoteWebDriver.findElement(RemoteWebDriver.java:371)
	at org.openqa.selenium.remote.RemoteWebDriver.findElementByPartialLinkText(RemoteWebDriver.java:433)
	at org.openqa.selenium.By$ByPartialLinkText.findElement(By.java:273)
	at org.openqa.selenium.remote.RemoteWebDriver.findElement(RemoteWebDriver.java:363)
	at pageObjects.HomePage.click_on_computer(HomePage.java:56)
	at tests.UpdateDeleteComputerTest.update_Computer_With_All_Fields(UpdateDeleteComputerTest.java:75)
... Removed 28 stack frames</div></td></tr></table><p class="totop"><a href="#summary">back to summary</a></p><h3 id="m4">tests.AddNewComputerTest#add_New_Computer_With_No_Inputs</h3><table class="result"></table><p class="totop"><a href="#summary">back to summary</a></p><h3 id="m5">tests.AddNewComputerTest#add_New_Computer_With_Required_Fields</h3><table class="result"></table><p class="totop"><a href="#summary">back to summary</a></p><h3 id="m6">tests.AddNewComputerTest#cancel_Add_New_Computer</h3><table class="result"></table><p class="totop"><a href="#summary">back to summary</a></p><h3 id="m7">tests.AddNewComputerTest#validate_header_name</h3><table class="result"></table><p class="totop"><a href="#summary">back to summary</a></p><h3 id="m8">tests.HomePageTest#navigate_to_add_computer_screen</h3><table class="result"></table><p class="totop"><a href="#summary">back to summary</a></p><h3 id="m9">tests.HomePageTest#validate_header_name</h3><table class="result"></table><p class="totop"><a href="#summary">back to summary</a></p><h3 id="m10">tests.UpdateDeleteComputerTest#cancel_Update_Computer</h3><table class="result"></table><p class="totop"><a href="#summary">back to summary</a></p><h3 id="m11">tests.UpdateDeleteComputerTest#update_Computer_Name</h3><table class="result"></table><p class="totop"><a href="#summary">back to summary</a></p><h3 id="m12">tests.UpdateDeleteComputerTest#update_Computer_Name_With_No_Value</h3><table class="result"></table><p class="totop"><a href="#summary">back to summary</a></p><h3 id="m13">tests.UpdateDeleteComputerTest#validate_Header_Name</h3><table class="result"></table><p class="totop"><a href="#summary">back to summary</a></p><h2>Google Chrome</h2><h3 id="m14">tests.HomePageTest#startBrowser</h3><table class="result"><tr class="param"><th>Parameter #1</th></tr><tr class="param stripe"><td>chrome</td></tr><tr><th>Exception</th></tr><tr><td><div class="stacktrace">org.openqa.selenium.SessionNotCreatedException: session not created exception
from disconnected: Unable to receive message from renderer
  (Session info: chrome=62.0.3202.94)
  (Driver info: chromedriver=2.35.528161 (5b82f2d2aae0ca24b877009200ced9065a772e73),platform=Windows NT 10.0.16299 x86_64) (WARNING: The server did not provide any stacktrace information)
Command duration or timeout: 2.31 seconds
Build info: version: &apos;3.9.1&apos;, revision: &apos;63f7b50&apos;, time: &apos;2018-02-07T22:25:02.294Z&apos;
System info: host: &apos;EGY-MSHAFE-NB&apos;, ip: &apos;192.168.159.1&apos;, os.name: &apos;Windows 10&apos;, os.arch: &apos;amd64&apos;, os.version: &apos;10.0&apos;, java.version: &apos;1.8.0_144&apos;
Driver info: driver.version: ChromeDriver
	at org.openqa.selenium.remote.ErrorHandler.createThrowable(ErrorHandler.java:214)
	at org.openqa.selenium.remote.ErrorHandler.throwIfResponseFailed(ErrorHandler.java:166)
	at org.openqa.selenium.remote.JsonWireProtocolResponse.lambda$new$0(JsonWireProtocolResponse.java:53)
	at org.openqa.selenium.remote.JsonWireProtocolResponse.lambda$getResponseFunction$2(JsonWireProtocolResponse.java:91)
	at org.openqa.selenium.remote.ProtocolHandshake.lambda$createSession$0(ProtocolHandshake.java:123)
	at java.util.stream.ReferencePipeline$3$1.accept(Unknown Source)
	at java.util.Spliterators$ArraySpliterator.tryAdvance(Unknown Source)
	at java.util.stream.ReferencePipeline.forEachWithCancel(Unknown Source)
	at java.util.stream.AbstractPipeline.copyIntoWithCancel(Unknown Source)
	at java.util.stream.AbstractPipeline.copyInto(Unknown Source)
	at java.util.stream.AbstractPipeline.wrapAndCopyInto(Unknown Source)
	at java.util.stream.FindOps$FindOp.evaluateSequential(Unknown Source)
	at java.util.stream.AbstractPipeline.evaluate(Unknown Source)
	at java.util.stream.ReferencePipeline.findFirst(Unknown Source)
	at org.openqa.selenium.remote.ProtocolHandshake.createSession(ProtocolHandshake.java:126)
	at org.openqa.selenium.remote.ProtocolHandshake.createSession(ProtocolHandshake.java:73)
	at org.openqa.selenium.remote.HttpCommandExecutor.execute(HttpCommandExecutor.java:138)
	at org.openqa.selenium.remote.service.DriverCommandExecutor.execute(DriverCommandExecutor.java:83)
	at org.openqa.selenium.remote.RemoteWebDriver.execute(RemoteWebDriver.java:601)
	at org.openqa.selenium.remote.RemoteWebDriver.startSession(RemoteWebDriver.java:219)
	at org.openqa.selenium.remote.RemoteWebDriver.&lt;init&gt;(RemoteWebDriver.java:142)
	at org.openqa.selenium.chrome.ChromeDriver.&lt;init&gt;(ChromeDriver.java:181)
	at org.openqa.selenium.chrome.ChromeDriver.&lt;init&gt;(ChromeDriver.java:168)
	at org.openqa.selenium.chrome.ChromeDriver.&lt;init&gt;(ChromeDriver.java:123)
	at tests.TestBase.startBrowser(TestBase.java:36)
... Removed 26 stack frames</div></td></tr></table><p class="totop"><a href="#summary">back to summary</a></p><h3 id="m15">tests.HomePageTest#teardown</h3><table class="result"></table><p class="totop"><a href="#summary">back to summary</a></p><h3 id="m16">tests.AddNewComputerTest#add_New_Computer_With_All_Fields</h3><table class="result"></table><p class="totop"><a href="#summary">back to summary</a></p><h3 id="m17">tests.AddNewComputerTest#add_New_Computer_With_No_Inputs</h3><table class="result"></table><p class="totop"><a href="#summary">back to summary</a></p><h3 id="m18">tests.AddNewComputerTest#add_New_Computer_With_Required_Fields</h3><table class="result"></table><p class="totop"><a href="#summary">back to summary</a></p><h3 id="m19">tests.AddNewComputerTest#cancel_Add_New_Computer</h3><table class="result"></table><p class="totop"><a href="#summary">back to summary</a></p><h3 id="m20">tests.AddNewComputerTest#validate_header_name</h3><table class="result"></table><p class="totop"><a href="#summary">back to summary</a></p><h3 id="m21">tests.HomePageTest#navigate_to_add_computer_screen</h3><table class="result"></table><p class="totop"><a href="#summary">back to summary</a></p><h3 id="m22">tests.HomePageTest#validate_header_name</h3><table class="result"></table><p class="totop"><a href="#summary">back to summary</a></p><h3 id="m23">tests.UpdateDeleteComputerTest#cancel_Update_Computer</h3><table class="result"></table><p class="totop"><a href="#summary">back to summary</a></p><h3 id="m24">tests.UpdateDeleteComputerTest#delete_Computer</h3><table class="result"></table><p class="totop"><a href="#summary">back to summary</a></p><h3 id="m25">tests.UpdateDeleteComputerTest#update_Computer_Name</h3><table class="result"></table><p class="totop"><a href="#summary">back to summary</a></p><h3 id="m26">tests.UpdateDeleteComputerTest#update_Computer_Name_With_No_Value</h3><table class="result"></table><p class="totop"><a href="#summary">back to summary</a></p><h3 id="m27">tests.UpdateDeleteComputerTest#update_Computer_With_All_Fields</h3><table class="result"></table><p class="totop"><a href="#summary">back to summary</a></p><h3 id="m28">tests.UpdateDeleteComputerTest#validate_Header_Name</h3><table class="result"></table><p class="totop"><a href="#summary">back to summary</a></p></body></html>